2023.12.01 13:56:31 INFO  Started: Metals version 1.1.0 in folders '/Users/mingma/todo' for client Visual Studio Code 1.84.2.
2023.12.01 13:56:32 WARN  Build server is not auto-connectable.
2023.12.01 13:56:32 WARN  no build target for: /Users/mingma/todo/build.sbt
2023.12.01 13:56:39 INFO  no build target found for /Users/mingma/todo/build.sbt. Using presentation compiler with project's scala-library version: 3.3.1
2023.12.01 13:56:41 INFO  time: code lens generation in 8.34s
2023.12.01 13:57:14 INFO  Shutting down server
2023.12.01 13:57:14 INFO  shutting down Metals
2023.12.01 13:57:14 INFO  Exiting server
2023.12.01 13:57:14 ERROR Unexpected error initializing server: 
org.eclipse.lsp4j.jsonrpc.ResponseErrorException: Request window/showMessageRequest failed with message: Canceled
	at org.eclipse.lsp4j.jsonrpc.RemoteEndpoint.handleResponse(RemoteEndpoint.java:209)
	at org.eclipse.lsp4j.jsonrpc.RemoteEndpoint.consume(RemoteEndpoint.java:193)
	at org.eclipse.lsp4j.jsonrpc.json.StreamMessageProducer.handleMessage(StreamMessageProducer.java:194)
	at org.eclipse.lsp4j.jsonrpc.json.StreamMessageProducer.listen(StreamMessageProducer.java:94)
	at org.eclipse.lsp4j.jsonrpc.json.ConcurrentMessageProcessor.run(ConcurrentMessageProcessor.java:113)
	at java.util.concurrent.Executors$RunnableAdapter.call(Executors.java:515)
	at java.util.concurrent.FutureTask.run(FutureTask.java:264)
	at java.util.concurrent.ThreadPoolExecutor.runWorker(ThreadPoolExecutor.java:1128)
	at java.util.concurrent.ThreadPoolExecutor$Worker.run(ThreadPoolExecutor.java:628)
	at java.lang.Thread.run(Thread.java:834)

2023.12.01 13:57:22 INFO  Started: Metals version 1.1.0 in folders '/Users/mingma/todo' for client Visual Studio Code 1.84.2.
2023.12.01 13:57:23 WARN  Build server is not auto-connectable.
2023.12.01 13:57:23 WARN  no build target for: /Users/mingma/todo/build.sbt
2023.12.01 13:57:27 INFO  running '/Library/Java/JavaVirtualMachines/adoptopenjdk-11.jdk/Contents/Home/bin/java -Djline.terminal=jline.UnsupportedTerminal -Dsbt.log.noformat=true -Dfile.encoding=UTF-8 -jar /var/folders/2k/yqztx7j11_70cvfdxc0p1bl80000gn/T/metals9306924864846855508/sbt-launch.jar -Dbloop.export-jar-classifiers=sources bloopInstall'
2023.12.01 13:57:27 WARN  no build target for: /Users/mingma/todo/project/metals.sbt
2023.12.01 13:57:27 WARN  no build target for: /Users/mingma/todo/project/project/metals.sbt
2023.12.01 13:57:27 INFO  skipping build import with status 'Started'
2023.12.01 13:57:28 INFO  no build target found for /Users/mingma/todo/build.sbt. Using presentation compiler with project's scala-library version: 3.3.1
2023.12.01 13:57:30 INFO  [info] welcome to sbt 1.8.2 (AdoptOpenJDK Java 11.0.7)
2023.12.01 13:57:31 INFO  time: code lens generation in 7.75s
2023.12.01 13:57:31 INFO  time: code lens generation in 3.78s
2023.12.01 13:57:33 INFO  [info] loading settings for project todo-build-build-build from metals.sbt ...
2023.12.01 13:57:34 INFO  [info] loading project definition from /Users/mingma/todo/project/project/project
2023.12.01 13:57:36 INFO  [info] loading settings for project todo-build-build from metals.sbt ...
2023.12.01 13:57:36 INFO  [info] loading project definition from /Users/mingma/todo/project/project
2023.12.01 13:57:38 INFO  [success] Generated .bloop/todo-build-build.json
2023.12.01 13:57:38 INFO  [success] Total time: 2 s, completed 1 Dec. 2023, 1:57:39 pm
2023.12.01 13:57:40 INFO  [info] loading settings for project todo-build from buildSettings.sbt,metals.sbt,plugins.sbt ...
2023.12.01 13:57:40 INFO  [info] loading project definition from /Users/mingma/todo/project
2023.12.01 13:57:42 INFO  [success] Generated .bloop/todo-build.json
2023.12.01 13:57:42 INFO  [info] compiling 3 Scala sources to /Users/mingma/todo/project/target/scala-2.12/sbt-1.0/classes ...
2023.12.01 13:57:49 INFO  [info] done compiling
2023.12.01 13:57:49 INFO  [success] Total time: 8 s, completed 1 Dec. 2023, 1:57:49 pm
2023.12.01 13:57:51 INFO  [info] loading settings for project todo from assignment.sbt,build.sbt ...
2023.12.01 13:57:51 INFO  [info] set current project to effective-scala-todo (in build file:/Users/mingma/todo/)
2023.12.01 13:58:04 INFO  [success] Generated .bloop/todo-test.json
2023.12.01 13:58:04 INFO  [success] Generated .bloop/todo.json
2023.12.01 13:58:04 INFO  [success] Total time: 12 s, completed 1 Dec. 2023, 1:58:04 pm
2023.12.01 13:58:04 INFO  time: ran 'sbt bloopInstall' in 37s
2023.12.01 13:58:04 INFO  Attempting to connect to the build server...
2023.12.01 13:58:04 INFO  Bloop uses /Library/Java/JavaVirtualMachines/adoptopenjdk-11.jdk/Contents/Home defined at /Users/mingma/.bloop/bloop.json
2023.12.01 13:58:04 INFO  tracing is disabled for protocol BSP, to enable tracing of incoming and outgoing JSON messages create an empty file at /Users/mingma/todo/.metals/bsp.trace.json or /Users/mingma/Library/Caches/org.scalameta.metals/bsp.trace.json
2023.12.01 13:58:04 INFO  Attempting to connect to the build server...
2023.12.01 13:58:04 INFO  Bloop uses /Library/Java/JavaVirtualMachines/adoptopenjdk-11.jdk/Contents/Home defined at /Users/mingma/.bloop/bloop.json
2023.12.01 13:58:04 INFO  Attempting to connect to the build server...
2023.12.01 13:58:04 INFO  Bloop uses /Library/Java/JavaVirtualMachines/adoptopenjdk-11.jdk/Contents/Home defined at /Users/mingma/.bloop/bloop.json
2023.12.01 13:58:05 INFO  tracing is disabled for protocol BSP, to enable tracing of incoming and outgoing JSON messages create an empty file at /Users/mingma/todo/project/.metals/bsp.trace.json or /Users/mingma/Library/Caches/org.scalameta.metals/bsp.trace.json
2023.12.01 13:58:04 INFO  tracing is disabled for protocol BSP, to enable tracing of incoming and outgoing JSON messages create an empty file at /Users/mingma/todo/project/project/.metals/bsp.trace.json or /Users/mingma/Library/Caches/org.scalameta.metals/bsp.trace.json
2023.12.01 13:58:04 INFO  time: Connected to build server in 0.45s
2023.12.01 13:58:04 INFO  Connected to Build server: Bloop v1.5.11
2023.12.01 13:58:14 INFO  time: indexed workspace in 8.88s
2023.12.01 13:58:14 INFO  compiling todo-build (3 scala sources)
2023.12.01 13:58:20 INFO  time: compiled todo-build in 6.05s
2023.12.01 13:58:20 INFO  time: code lens generation in 6.08s
2023.12.01 14:00:27 INFO  compiling todo (15 scala sources)
2023.12.01 14:00:30 INFO  time: compiled todo in 2.47s
Dec. 01, 2023 2:05:50 PM scala.meta.internal.pc.CompilerAccess handleError
SEVERE: A severe compiler error occurred, full details of the error can be found in the error report /Users/mingma/todo/.metals/.reports/metals-full/2023-12-01/r_compiler-error_(todo-build)_14-05-50-929.md
Dec. 01, 2023 2:05:52 PM scala.meta.internal.pc.CompilerAccess handleError
SEVERE: A severe compiler error occurred, full details of the error can be found in the error report /Users/mingma/todo/.metals/.reports/metals-full/2023-12-01/r_compiler-error_(todo-build)_14-05-52-982.md
2023.12.01 14:06:08 INFO  compiling todo (1 scala source)
2023.12.01 14:06:08 INFO  time: compiled todo in 0.9s
2023.12.01 14:06:10 INFO  compiling todo (1 scala source)
2023.12.01 14:06:10 INFO  time: compiled todo in 0.66s
2023.12.01 14:06:12 INFO  compiling todo-test (3 scala sources)
2023.12.01 14:06:12 INFO  time: compiled todo-test in 0.8s
2023.12.01 14:06:18 INFO  compiling todo (1 scala source)
2023.12.01 14:06:18 INFO  time: compiled todo in 0.56s
2023.12.01 14:07:10 INFO  running '/Library/Java/JavaVirtualMachines/adoptopenjdk-11.jdk/Contents/Home/bin/java -Djline.terminal=jline.UnsupportedTerminal -Dsbt.log.noformat=true -Dfile.encoding=UTF-8 -jar /var/folders/2k/yqztx7j11_70cvfdxc0p1bl80000gn/T/metals17521024325186903649/sbt-launch.jar -Dbloop.export-jar-classifiers=sources bloopInstall'
2023.12.01 14:07:12 INFO  [info] welcome to sbt 1.8.2 (AdoptOpenJDK Java 11.0.7)
2023.12.01 14:07:12 INFO  [info] loading settings for project todo-build-build-build from metals.sbt ...
2023.12.01 14:07:14 INFO  [info] loading project definition from /Users/mingma/todo/project/project/project
2023.12.01 14:07:16 INFO  [info] loading settings for project todo-build-build from metals.sbt ...
2023.12.01 14:07:16 INFO  [info] loading project definition from /Users/mingma/todo/project/project
2023.12.01 14:07:18 INFO  [success] Generated .bloop/todo-build-build.json
2023.12.01 14:07:18 INFO  [success] Total time: 2 s, completed 1 Dec. 2023, 2:07:18 pm
2023.12.01 14:07:18 INFO  [info] loading settings for project todo-build from buildSettings.sbt,metals.sbt,plugins.sbt ...
2023.12.01 14:07:18 INFO  [info] loading project definition from /Users/mingma/todo/project
2023.12.01 14:07:19 INFO  [success] Generated .bloop/todo-build.json
2023.12.01 14:07:19 INFO  [success] Total time: 1 s, completed 1 Dec. 2023, 2:07:20 pm
2023.12.01 14:07:22 INFO  [info] loading settings for project todo from assignment.sbt,build.sbt ...
2023.12.01 14:07:22 INFO  [info] set current project to effective-scala-todo (in build file:/Users/mingma/todo/)
2023.12.01 14:07:26 INFO  [success] Generated .bloop/todo-test.json
2023.12.01 14:07:26 INFO  [success] Generated .bloop/todo.json
2023.12.01 14:07:26 INFO  [success] Total time: 3 s, completed 1 Dec. 2023, 2:07:26 pm
2023.12.01 14:07:26 INFO  time: ran 'sbt bloopInstall' in 15s
2023.12.01 14:07:26 INFO  Disconnecting from Bloop session...
2023.12.01 14:07:26 INFO  Shut down connection with build server.
2023.12.01 14:07:26 INFO  Shut down connection with build server.
2023.12.01 14:07:26 INFO  Shut down connection with build server.
2023.12.01 14:07:26 INFO  Attempting to connect to the build server...
2023.12.01 14:07:26 INFO  Bloop uses /Library/Java/JavaVirtualMachines/adoptopenjdk-11.jdk/Contents/Home defined at /Users/mingma/.bloop/bloop.json
2023.12.01 14:07:26 INFO  tracing is disabled for protocol BSP, to enable tracing of incoming and outgoing JSON messages create an empty file at /Users/mingma/todo/.metals/bsp.trace.json or /Users/mingma/Library/Caches/org.scalameta.metals/bsp.trace.json
2023.12.01 14:07:26 INFO  Attempting to connect to the build server...
2023.12.01 14:07:26 INFO  Bloop uses /Library/Java/JavaVirtualMachines/adoptopenjdk-11.jdk/Contents/Home defined at /Users/mingma/.bloop/bloop.json
2023.12.01 14:07:26 INFO  Attempting to connect to the build server...
2023.12.01 14:07:26 INFO  Bloop uses /Library/Java/JavaVirtualMachines/adoptopenjdk-11.jdk/Contents/Home defined at /Users/mingma/.bloop/bloop.json
2023.12.01 14:07:26 INFO  tracing is disabled for protocol BSP, to enable tracing of incoming and outgoing JSON messages create an empty file at /Users/mingma/todo/project/.metals/bsp.trace.json or /Users/mingma/Library/Caches/org.scalameta.metals/bsp.trace.json
2023.12.01 14:07:26 INFO  tracing is disabled for protocol BSP, to enable tracing of incoming and outgoing JSON messages create an empty file at /Users/mingma/todo/project/project/.metals/bsp.trace.json or /Users/mingma/Library/Caches/org.scalameta.metals/bsp.trace.json
2023.12.01 14:07:26 INFO  time: Connected to build server in 79ms
2023.12.01 14:07:26 INFO  Connected to Build server: Bloop v1.5.11
2023.12.01 14:07:29 INFO  time: indexed workspace in 2.33s
2023.12.01 14:07:31 INFO  time: code lens generation in 2.46s
2023.12.01 14:08:08 INFO  skipping build import with status 'Installed'
2023.12.01 14:08:52 INFO  compiling todo (14 scala sources)
2023.12.01 14:08:54 INFO  time: compiled todo in 2.2s
2023.12.01 14:14:16 INFO  compiling todo-test (3 scala sources)
2023.12.01 14:14:16 INFO  time: compiled todo-test in 0.6s
2023.12.01 14:27:54 INFO  compiling todo (1 scala source)
2023.12.01 14:27:54 INFO  time: compiled todo in 0.47s
Dec. 01, 2023 2:41:18 PM org.eclipse.lsp4j.jsonrpc.RemoteEndpoint handleCancellation
WARNING: Unmatched cancel notification for request id 956
Exception in thread "pool-11-thread-1" java.lang.InterruptedException
	at scala.meta.internal.metals.FutureCancelToken.checkCanceled(FutureCancelToken.scala:29)
	at scala.meta.internal.pc.CompilerAccess.onCompilerJobQueue$$anonfun$1(CompilerAccess.scala:230)
	at scala.meta.internal.pc.CompilerJobQueue$Job.run(CompilerJobQueue.scala:152)
	at java.base/java.util.concurrent.ThreadPoolExecutor.runWorker(ThreadPoolExecutor.java:1128)
	at java.base/java.util.concurrent.ThreadPoolExecutor$Worker.run(ThreadPoolExecutor.java:628)
	at java.base/java.lang.Thread.run(Thread.java:834)
2023.12.01 14:58:37 INFO  compiling todo (1 scala source)
2023.12.01 14:58:37 INFO  time: compiled todo in 0.6s
2023.12.01 15:03:47 INFO  compiling todo (1 scala source)
2023.12.01 15:03:48 INFO  time: compiled todo in 1.18s
2023.12.01 15:03:48 WARN  Using indexes to guess the definition of complete
2023.12.01 15:03:48 WARN  Using indexes to guess the definition of complete
Dec. 01, 2023 3:03:49 PM org.eclipse.lsp4j.jsonrpc.RemoteEndpoint handleCancellation
WARNING: Unmatched cancel notification for request id 1546
2023.12.01 15:04:12 INFO  compiling todo (1 scala source)
2023.12.01 15:04:13 INFO  time: compiled todo in 1s
2023.12.01 15:05:23 INFO  compiling todo (1 scala source)
2023.12.01 15:05:23 INFO  time: compiled todo in 0.88s
2023.12.01 15:05:30 INFO  compiling todo (1 scala source)
2023.12.01 15:05:30 INFO  time: compiled todo in 0.72s
2023.12.01 15:05:30 INFO  compiling todo (1 scala source)
2023.12.01 15:05:31 INFO  time: compiled todo in 0.66s
2023.12.01 15:07:39 INFO  compiling todo (1 scala source)
2023.12.01 15:07:39 INFO  time: compiled todo in 0.66s
2023.12.01 15:07:44 INFO  compiling todo (1 scala source)
2023.12.01 15:07:44 WARN  Using indexes to guess the definition of complete
2023.12.01 15:07:44 INFO  time: compiled todo in 0.29s
2023.12.01 15:10:32 INFO  compiling todo (1 scala source)
2023.12.01 15:10:32 INFO  time: compiled todo in 0.56s
2023.12.01 15:10:42 INFO  compiling todo (1 scala source)
2023.12.01 15:10:42 INFO  time: compiled todo in 0.44s
2023.12.01 15:16:09 INFO  compiling todo (1 scala source)
2023.12.01 15:16:09 INFO  time: compiled todo in 0.44s
2023.12.01 15:17:14 INFO  compiling todo (1 scala source)
2023.12.01 15:17:14 INFO  time: compiled todo in 0.9s
2023.12.01 15:17:18 INFO  compiling todo (1 scala source)
2023.12.01 15:17:18 INFO  time: compiled todo in 0.83s
2023.12.01 15:17:23 INFO  compiling todo (1 scala source)
2023.12.01 15:17:23 INFO  time: compiled todo in 0.71s
2023.12.01 15:17:30 INFO  compiling todo (1 scala source)
2023.12.01 15:17:30 INFO  time: compiled todo in 0.83s
2023.12.01 15:17:33 WARN  Using indexes to guess the definition of Unit
2023.12.01 15:17:57 INFO  compiling todo (1 scala source)
2023.12.01 15:17:58 INFO  time: compiled todo in 1.12s
2023.12.01 15:22:46 INFO  compiling todo (1 scala source)
2023.12.01 15:22:46 INFO  time: compiled todo in 0.89s
2023.12.01 15:22:50 INFO  compiling todo (1 scala source)
2023.12.01 15:22:50 INFO  time: compiled todo in 0.54s
2023.12.01 15:23:10 INFO  compiling todo (1 scala source)
2023.12.01 15:23:10 INFO  time: compiled todo in 0.42s
2023.12.01 15:23:49 INFO  compiling todo (1 scala source)
2023.12.01 15:23:49 INFO  time: compiled todo in 0.32s
2023.12.01 15:24:12 INFO  compiling todo (1 scala source)
2023.12.01 15:24:12 INFO  time: compiled todo in 0.5s
2023.12.01 15:24:56 INFO  compiling todo (1 scala source)
2023.12.01 15:24:56 INFO  time: compiled todo in 0.3s
2023.12.01 15:25:03 INFO  compiling todo (1 scala source)
2023.12.01 15:25:03 INFO  time: compiled todo in 0.34s
2023.12.01 15:25:05 INFO  compiling todo (1 scala source)
2023.12.01 15:25:05 INFO  time: compiled todo in 0.29s
2023.12.01 15:25:20 INFO  compiling todo (1 scala source)
2023.12.01 15:25:20 INFO  time: compiled todo in 0.28s
2023.12.01 15:25:52 INFO  compiling todo (1 scala source)
2023.12.01 15:25:52 INFO  time: compiled todo in 0.52s
2023.12.01 15:26:00 INFO  compiling todo (1 scala source)
2023.12.01 15:26:00 INFO  time: compiled todo in 0.44s
2023.12.01 15:28:55 INFO  compiling todo (1 scala source)
2023.12.01 15:28:55 INFO  time: compiled todo in 0.44s
2023.12.01 15:35:42 INFO  compiling todo (1 scala source)
2023.12.01 15:35:42 INFO  time: compiled todo in 0.71s
2023.12.01 15:36:04 INFO  compiling todo (1 scala source)
2023.12.01 15:36:04 INFO  time: compiled todo in 0.43s
2023.12.01 15:36:54 INFO  compiling todo (1 scala source)
2023.12.01 15:36:54 INFO  time: compiled todo in 0.28s
2023.12.01 15:37:03 INFO  compiling todo (1 scala source)
2023.12.01 15:37:03 INFO  time: compiled todo in 0.79s
2023.12.01 15:37:11 INFO  compiling todo (1 scala source)
2023.12.01 15:37:11 INFO  time: compiled todo in 0.31s
2023.12.01 15:38:15 INFO  compiling todo (1 scala source)
2023.12.01 15:38:15 INFO  time: compiled todo in 0.8s
2023.12.01 15:39:06 INFO  compiling todo (1 scala source)
2023.12.01 15:39:07 INFO  time: compiled todo in 1.08s
2023.12.01 15:39:26 INFO  compiling todo (1 scala source)
2023.12.01 15:39:26 INFO  time: compiled todo in 0.79s
2023.12.01 15:41:18 INFO  compiling todo (1 scala source)
2023.12.01 15:41:18 INFO  time: compiled todo in 0.38s
2023.12.01 15:41:35 INFO  compiling todo (1 scala source)
2023.12.01 15:41:35 INFO  time: compiled todo in 0.8s
2023.12.01 15:42:13 INFO  compiling todo (1 scala source)
2023.12.01 15:42:13 INFO  time: compiled todo in 0.45s
2023.12.01 15:42:21 INFO  compiling todo (1 scala source)
2023.12.01 15:42:21 INFO  time: compiled todo in 0.46s
Dec. 01, 2023 4:56:38 PM org.eclipse.lsp4j.jsonrpc.RemoteEndpoint handleCancellation
WARNING: Unmatched cancel notification for request id 4596
2023.12.01 17:09:16 INFO  Deduplicating compilation of todo from bsp client 'Metals 1.1.0' (since 3h 1m 50.126s)
2023.12.01 17:09:16 INFO  compiling todo (1 scala source)
2023.12.01 17:09:16 INFO  compiling todo (1 scala source)
2023.12.01 17:09:18 INFO  time: compiled todo in 2.04s
Dec. 01, 2023 5:09:48 PM org.eclipse.lsp4j.jsonrpc.RemoteEndpoint handleCancellation
WARNING: Unmatched cancel notification for request id 5070
2023.12.01 17:10:35 INFO  compiling todo (1 scala source)
2023.12.01 17:10:35 INFO  time: compiled todo in 0.84s
2023.12.01 17:10:47 INFO  compiling todo (1 scala source)
2023.12.01 17:10:47 INFO  time: compiled todo in 0.78s
2023.12.01 17:11:33 INFO  compiling todo (1 scala source)
2023.12.01 17:11:33 INFO  time: compiled todo in 0.35s
2023.12.01 17:11:44 INFO  compiling todo (1 scala source)
2023.12.01 17:11:44 INFO  time: compiled todo in 0.54s
2023.12.01 17:11:44 INFO  compiling todo (1 scala source)
2023.12.01 17:11:45 INFO  time: compiled todo in 0.45s
2023.12.01 17:12:45 INFO  compiling todo (1 scala source)
2023.12.01 17:12:45 INFO  time: compiled todo in 0.43s
Dec. 01, 2023 5:13:34 PM org.eclipse.lsp4j.jsonrpc.RemoteEndpoint handleCancellation
WARNING: Unmatched cancel notification for request id 5446
2023.12.01 17:13:41 INFO  compiling todo (1 scala source)
2023.12.01 17:13:41 INFO  time: compiled todo in 0.78s
2023.12.01 17:15:57 INFO  compiling todo (1 scala source)
2023.12.01 17:15:57 INFO  time: compiled todo in 0.49s
2023.12.01 17:16:40 INFO  compiling todo (1 scala source)
2023.12.01 17:16:40 INFO  time: compiled todo in 0.41s
2023.12.01 17:19:50 INFO  compiling todo (1 scala source)
2023.12.01 17:19:50 INFO  time: compiled todo in 0.45s
2023.12.01 17:19:57 INFO  compiling todo (1 scala source)
2023.12.01 17:19:57 INFO  time: compiled todo in 0.33s
2023.12.01 17:20:17 INFO  compiling todo (1 scala source)
2023.12.01 17:20:17 INFO  time: compiled todo in 0.81s
2023.12.01 17:20:23 INFO  compiling todo (1 scala source)
2023.12.01 17:20:23 INFO  time: compiled todo in 0.79s
2023.12.01 17:20:47 INFO  compiling todo (1 scala source)
2023.12.01 17:20:47 INFO  time: compiled todo in 0.34s
2023.12.01 17:20:48 WARN  Using indexes to guess the definition of nextId
2023.12.01 17:20:49 INFO  compiling todo (1 scala source)
2023.12.01 17:20:49 INFO  time: compiled todo in 0.41s
2023.12.01 17:22:19 INFO  compiling todo (1 scala source)
2023.12.01 17:22:19 INFO  time: compiled todo in 0.44s
2023.12.01 17:26:20 INFO  compiling todo (1 scala source)
2023.12.01 17:26:20 INFO  time: compiled todo in 0.49s
2023.12.01 17:28:23 INFO  compiling todo (1 scala source)
2023.12.01 17:28:23 INFO  time: compiled todo in 0.69s
Dec. 01, 2023 5:29:07 PM scala.meta.internal.pc.CompilerAccess handleError
SEVERE: A severe compiler error occurred, full details of the error can be found in the error report /Users/mingma/todo/.metals/.reports/metals-full/2023-12-01/r_compiler-error_(todo)_17-29-07-616.md
2023.12.01 17:30:50 INFO  compiling todo (1 scala source)
2023.12.01 17:30:50 INFO  time: compiled todo in 0.81s
2023.12.01 17:30:55 INFO  time: evaluated worksheet 'test.worksheet.sc' in 4.51s
2023.12.01 17:31:02 ERROR Failed to tokenize input for semantic tokens for /Users/mingma/todo/src/main/scala/todo/test.worksheet.sc
scala.meta.tokenizers.TokenizeException: <input>:2: error: Invalid literal number
  val li = List(1,2k3)
                  ^
	at scala.meta.internal.tokenizers.Reporter.syntaxError(Reporter.scala:23)
	at scala.meta.internal.tokenizers.Reporter.syntaxError$(Reporter.scala:23)
	at scala.meta.internal.tokenizers.Reporter$$anon$1.syntaxError(Reporter.scala:33)
	at scala.meta.internal.tokenizers.Reporter.syntaxError(Reporter.scala:25)
	at scala.meta.internal.tokenizers.Reporter.syntaxError$(Reporter.scala:25)
	at scala.meta.internal.tokenizers.Reporter$$anon$1.syntaxError(Reporter.scala:33)
	at scala.meta.internal.tokenizers.LegacyScanner.checkNoLetter(LegacyScanner.scala:820)
	at scala.meta.internal.tokenizers.LegacyScanner.restOfUncertainToken$1(LegacyScanner.scala:864)
	at scala.meta.internal.tokenizers.LegacyScanner.getNumber(LegacyScanner.scala:872)
	at scala.meta.internal.tokenizers.LegacyScanner.fetchToken(LegacyScanner.scala:335)
	at scala.meta.internal.tokenizers.LegacyScanner.nextToken(LegacyScanner.scala:211)
	at scala.meta.internal.tokenizers.LegacyScanner.foreach(LegacyScanner.scala:1011)
	at scala.meta.internal.tokenizers.ScalametaTokenizer.uncachedTokenize(ScalametaTokenizer.scala:24)
	at scala.meta.internal.tokenizers.ScalametaTokenizer.$anonfun$tokenize$1(ScalametaTokenizer.scala:17)
	at scala.collection.concurrent.TrieMap.getOrElseUpdate(TrieMap.scala:962)
	at scala.meta.internal.tokenizers.ScalametaTokenizer.tokenize(ScalametaTokenizer.scala:17)
	at scala.meta.internal.tokenizers.ScalametaTokenizer$$anon$2.apply(ScalametaTokenizer.scala:332)
	at scala.meta.tokenizers.Api$XtensionTokenizeDialectInput.tokenize(Api.scala:25)
	at scala.meta.tokenizers.Api$XtensionTokenizeInputLike.tokenize(Api.scala:14)
	at scala.meta.internal.metals.SemanticTokensProvider$.getTokens(SemanticTokensProvider.scala:28)
	at scala.meta.internal.metals.SemanticTokensProvider$.provide(SemanticTokensProvider.scala:89)
	at scala.meta.internal.metals.Compilers.$anonfun$semanticTokens$3(Compilers.scala:539)
	at scala.concurrent.impl.Promise$Transformation.run(Promise.scala:467)
	at java.util.concurrent.ThreadPoolExecutor.runWorker(ThreadPoolExecutor.java:1128)
	at java.util.concurrent.ThreadPoolExecutor$Worker.run(ThreadPoolExecutor.java:628)
	at java.lang.Thread.run(Thread.java:834)

2023.12.01 17:31:10 INFO  compiling todo (1 scala source)
2023.12.01 17:31:10 INFO  time: compiled todo in 0.77s
2023.12.01 17:31:12 INFO  time: evaluated worksheet 'test.worksheet.sc' in 1.5s
2023.12.01 17:31:26 INFO  compiling todo (1 scala source)
2023.12.01 17:31:27 INFO  time: compiled todo in 1.26s
2023.12.01 17:31:28 INFO  time: evaluated worksheet 'test.worksheet.sc' in 0.73s
2023.12.01 17:31:59 INFO  compiling todo (1 scala source)
2023.12.01 17:31:59 INFO  time: compiled todo in 0.83s
2023.12.01 17:32:13 INFO  compiling todo (1 scala source)
2023.12.01 17:32:13 INFO  time: compiled todo in 0.88s
2023.12.01 17:32:13 INFO  compiling todo (1 scala source)
2023.12.01 17:32:15 INFO  time: compiled todo in 0.81s
2023.12.01 17:33:43 INFO  compiling todo (1 scala source)
2023.12.01 17:33:43 INFO  time: compiled todo in 0.49s
2023.12.01 17:36:13 INFO  compiling todo (1 scala source)
2023.12.01 17:36:13 INFO  Deduplicating compilation of todo from bsp client 'Metals 1.1.0' (since 3h 28m 47.471s)
2023.12.01 17:36:13 INFO  compiling todo (1 scala source)
2023.12.01 17:36:13 INFO  time: compiled todo in 0.57s
2023.12.01 17:38:22 INFO  compiling todo (1 scala source)
2023.12.01 17:38:22 INFO  time: compiled todo in 0.65s
2023.12.01 17:38:24 INFO  compiling todo (1 scala source)
2023.12.01 17:38:24 INFO  time: compiled todo in 0.59s
2023.12.01 17:38:36 INFO  compiling todo (1 scala source)
2023.12.01 17:38:36 INFO  time: compiled todo in 0.79s
2023.12.01 17:38:48 INFO  compiling todo (1 scala source)
2023.12.01 17:38:48 INFO  time: compiled todo in 0.83s
2023.12.01 17:39:48 INFO  compiling todo (1 scala source)
2023.12.01 17:39:48 INFO  time: compiled todo in 0.76s
2023.12.01 17:39:59 INFO  compiling todo (1 scala source)
2023.12.01 17:39:59 INFO  time: compiled todo in 0.94s
2023.12.01 17:39:59 INFO  compiling todo (1 scala source)
2023.12.01 17:40:01 INFO  time: compiled todo in 0.84s
2023.12.01 17:40:01 INFO  compiling todo (1 scala source)
2023.12.01 17:40:01 INFO  time: compiled todo in 0.95s
2023.12.01 17:40:02 INFO  compiling todo (1 scala source)
2023.12.01 17:40:03 INFO  time: compiled todo in 1.06s
2023.12.01 17:40:04 INFO  compiling todo (1 scala source)
2023.12.01 17:40:05 INFO  time: compiled todo in 1.12s
2023.12.01 17:41:36 INFO  compiling todo (1 scala source)
2023.12.01 17:41:36 INFO  time: compiled todo in 0.38s
2023.12.01 17:41:42 INFO  compiling todo (1 scala source)
2023.12.01 17:41:42 INFO  time: compiled todo in 0.79s
2023.12.01 17:42:01 INFO  compiling todo (1 scala source)
2023.12.01 17:42:01 INFO  time: compiled todo in 0.79s
2023.12.01 17:42:49 INFO  compiling todo (1 scala source)
2023.12.01 17:42:49 INFO  time: compiled todo in 0.82s
2023.12.01 17:43:13 INFO  compiling todo (1 scala source)
2023.12.01 17:43:13 INFO  time: compiled todo in 0.57s
2023.12.01 17:43:36 INFO  compiling todo (1 scala source)
2023.12.01 17:43:36 WARN  Could not load snapshot text for /Users/mingma/todo/src/main/scala/todo/PersistentModel.scala
2023.12.01 17:43:36 WARN  Could not load snapshot text for /Users/mingma/todo/src/main/scala/todo/PersistentModel.scala
2023.12.01 17:43:36 INFO  time: compiled todo in 0.62s
2023.12.01 17:57:55 INFO  time: evaluated worksheet 'test.worksheet.sc' in 0.81s
2023.12.01 19:46:58 INFO  compiling todo (1 scala source)
2023.12.01 19:47:00 INFO  time: compiled todo in 1.57s
2023.12.01 19:47:21 INFO  compiling todo (1 scala source)
2023.12.01 19:47:21 INFO  time: compiled todo in 0.55s
2023.12.01 20:33:10 INFO  compiling todo (1 scala source)
2023.12.01 20:33:12 INFO  time: compiled todo in 1.04s
2023.12.01 20:34:00 INFO  time: evaluated worksheet 'test.worksheet.sc' in 0.85s
2023.12.01 20:34:24 INFO  compiling todo (1 scala source)
2023.12.01 20:34:25 INFO  time: compiled todo in 1.1s
2023.12.01 20:34:47 INFO  compiling todo (1 scala source)
2023.12.01 20:34:47 INFO  time: compiled todo in 0.96s
2023.12.01 20:34:47 INFO  compiling todo (1 scala source)
2023.12.01 20:34:49 INFO  time: compiled todo in 0.52s
2023.12.01 20:35:03 INFO  compiling todo (1 scala source)
2023.12.01 20:35:03 INFO  time: compiled todo in 0.8s
2023.12.01 20:35:11 INFO  compiling todo (1 scala source)
2023.12.01 20:35:11 INFO  time: compiled todo in 0.51s
2023.12.01 20:36:11 INFO  compiling todo (1 scala source)
2023.12.01 20:36:11 INFO  time: compiled todo in 0.74s
2023.12.01 20:36:37 INFO  compiling todo (1 scala source)
2023.12.01 20:36:37 INFO  time: compiled todo in 0.48s
2023.12.01 20:38:35 INFO  compiling todo (1 scala source)
2023.12.01 20:38:35 INFO  time: compiled todo in 0.78s
2023.12.01 20:38:47 INFO  compiling todo (1 scala source)
2023.12.01 20:38:49 INFO  time: compiled todo in 1.66s
2023.12.01 20:39:20 INFO  compiling todo (1 scala source)
2023.12.01 20:39:20 INFO  time: compiled todo in 0.44s
2023.12.01 20:39:24 INFO  compiling todo (1 scala source)
2023.12.01 20:39:24 INFO  time: compiled todo in 0.94s
2023.12.01 20:39:24 INFO  compiling todo (1 scala source)
2023.12.01 20:39:26 INFO  time: compiled todo in 0.87s
2023.12.01 20:40:35 INFO  compiling todo (1 scala source)
2023.12.01 20:40:35 INFO  time: compiled todo in 0.47s
Dec. 01, 2023 8:42:58 PM org.eclipse.lsp4j.jsonrpc.RemoteEndpoint handleCancellation
WARNING: Unmatched cancel notification for request id 9418
2023.12.01 20:44:25 INFO  compiling todo (1 scala source)
2023.12.01 20:44:25 INFO  time: compiled todo in 0.5s
2023.12.01 20:46:49 INFO  tracing is disabled for protocol dap-server, to enable tracing of incoming and outgoing JSON messages create an empty file at /Users/mingma/todo/.metals/dap-server.trace.json or /Users/mingma/Library/Caches/org.scalameta.metals/dap-server.trace.json
2023.12.01 20:46:49 INFO  tracing is disabled for protocol dap-client, to enable tracing of incoming and outgoing JSON messages create an empty file at /Users/mingma/todo/.metals/dap-client.trace.json or /Users/mingma/Library/Caches/org.scalameta.metals/dap-client.trace.json
2023.12.01 20:46:49 INFO  Starting debug proxy for [todo.IdGeneratorSuite(generated Ids are monotonically increasing)]
2023.12.01 20:46:49 INFO  Trying to attach to remote debuggee VM localhost:57375 .
2023.12.01 20:46:49 INFO  Attaching to debuggee VM succeeded.
2023.12.01 20:46:50 INFO  Canceling debug proxy for [todo.IdGeneratorSuite(generated Ids are monotonically increasing)]
2023.12.01 20:46:49 INFO  Closing debug server tcp://0.0.0.0:57371
2023.12.01 20:47:13 INFO  tracing is disabled for protocol dap-server, to enable tracing of incoming and outgoing JSON messages create an empty file at /Users/mingma/todo/.metals/dap-server.trace.json or /Users/mingma/Library/Caches/org.scalameta.metals/dap-server.trace.json
2023.12.01 20:47:13 INFO  tracing is disabled for protocol dap-client, to enable tracing of incoming and outgoing JSON messages create an empty file at /Users/mingma/todo/.metals/dap-client.trace.json or /Users/mingma/Library/Caches/org.scalameta.metals/dap-client.trace.json
2023.12.01 20:47:13 INFO  Starting debug proxy for [todo.IdGeneratorSuite(generated Ids start with given Id)]
2023.12.01 20:47:13 INFO  Trying to attach to remote debuggee VM localhost:57386 .
2023.12.01 20:47:13 INFO  Attaching to debuggee VM succeeded.
2023.12.01 20:47:14 INFO  Canceling debug proxy for [todo.IdGeneratorSuite(generated Ids start with given Id)]
2023.12.01 20:47:13 INFO  Closing debug server tcp://0.0.0.0:57382
2023.12.01 20:48:53 INFO  compiling todo-test (1 scala source)
2023.12.01 20:48:53 INFO  time: compiled todo-test in 0.32s
2023.12.01 20:48:54 INFO  tracing is disabled for protocol dap-server, to enable tracing of incoming and outgoing JSON messages create an empty file at /Users/mingma/todo/.metals/dap-server.trace.json or /Users/mingma/Library/Caches/org.scalameta.metals/dap-server.trace.json
2023.12.01 20:48:54 INFO  tracing is disabled for protocol dap-client, to enable tracing of incoming and outgoing JSON messages create an empty file at /Users/mingma/todo/.metals/dap-client.trace.json or /Users/mingma/Library/Caches/org.scalameta.metals/dap-client.trace.json
2023.12.01 20:48:54 INFO  Starting debug proxy for [todo.IdGeneratorSuite(generated Ids start with given Id)]
2023.12.01 20:48:54 INFO  Trying to attach to remote debuggee VM localhost:57405 .
2023.12.01 20:48:54 INFO  Attaching to debuggee VM succeeded.
2023.12.01 20:48:55 INFO  Canceling debug proxy for [todo.IdGeneratorSuite(generated Ids start with given Id)]
2023.12.01 20:48:54 INFO  Closing debug server tcp://0.0.0.0:57401
2023.12.01 20:50:36 INFO  compiling todo-test (1 scala source)
2023.12.01 20:50:36 INFO  time: compiled todo-test in 0.19s
2023.12.01 20:51:00 INFO  compiling todo-test (1 scala source)
2023.12.01 20:51:00 INFO  time: compiled todo-test in 0.22s
2023.12.01 20:51:02 INFO  tracing is disabled for protocol dap-server, to enable tracing of incoming and outgoing JSON messages create an empty file at /Users/mingma/todo/.metals/dap-server.trace.json or /Users/mingma/Library/Caches/org.scalameta.metals/dap-server.trace.json
2023.12.01 20:51:02 INFO  tracing is disabled for protocol dap-client, to enable tracing of incoming and outgoing JSON messages create an empty file at /Users/mingma/todo/.metals/dap-client.trace.json or /Users/mingma/Library/Caches/org.scalameta.metals/dap-client.trace.json
2023.12.01 20:51:03 INFO  Starting debug proxy for [todo.IdGeneratorSuite(generated Ids start with given Id)]
2023.12.01 20:51:03 INFO  Trying to attach to remote debuggee VM localhost:57424 .
2023.12.01 20:51:03 INFO  Attaching to debuggee VM succeeded.
2023.12.01 20:51:04 INFO  Canceling debug proxy for [todo.IdGeneratorSuite(generated Ids start with given Id)]
2023.12.01 20:51:03 INFO  Closing debug server tcp://0.0.0.0:57419
2023.12.01 20:51:25 INFO  tracing is disabled for protocol dap-server, to enable tracing of incoming and outgoing JSON messages create an empty file at /Users/mingma/todo/.metals/dap-server.trace.json or /Users/mingma/Library/Caches/org.scalameta.metals/dap-server.trace.json
2023.12.01 20:51:25 INFO  tracing is disabled for protocol dap-client, to enable tracing of incoming and outgoing JSON messages create an empty file at /Users/mingma/todo/.metals/dap-client.trace.json or /Users/mingma/Library/Caches/org.scalameta.metals/dap-client.trace.json
2023.12.01 20:51:26 INFO  Starting debug proxy for [todo.IdGeneratorSuite(generated Ids start with given Id)]
2023.12.01 20:51:31 INFO  Loaded expression compiler in 5 seconds
2023.12.01 20:51:33 INFO  /Users/mingma/Library/Caches/Coursier/v1/https/repo1.maven.org/maven2/ch/epfl/scala/scala-debug-step-filter_3/3.1.4/scala-debug-step-filter_3-3.1.4.jar
2023.12.01 20:51:33 INFO  /Users/mingma/Library/Caches/Coursier/v1/https/repo1.maven.org/maven2/org/scala-lang/tasty-core_3/3.3.0/tasty-core_3-3.3.0.jar
2023.12.01 20:51:33 INFO  /Users/mingma/Library/Caches/Coursier/v1/https/repo1.maven.org/maven2/org/scala-lang/scala3-library_3/3.3.0/scala3-library_3-3.3.0.jar
2023.12.01 20:51:33 INFO  /Users/mingma/Library/Caches/Coursier/v1/https/repo1.maven.org/maven2/ch/epfl/scala/tasty-query_3/0.8.4/tasty-query_3-0.8.4.jar
2023.12.01 20:51:33 INFO  /Users/mingma/Library/Caches/Coursier/v1/https/repo1.maven.org/maven2/org/scala-lang/scala-library/2.13.10/scala-library-2.13.10.jar
2023.12.01 20:51:33 INFO  Loaded step filter in 1 second
2023.12.01 20:51:33 WARN  Found duplicate entry junit-interface in debuggee TestSuiteDebugAdapter([Uri(file:/Users/mingma/todo/?id=todo-test)], [todo.IdGeneratorSuite(generated Ids start with given Id)])
2023.12.01 20:51:37 INFO  Loaded all sources and classes in 3 seconds
2023.12.01 20:51:39 INFO  Trying to attach to remote debuggee VM localhost:57433 .
2023.12.01 20:51:39 INFO  Attaching to debuggee VM succeeded.
2023.12.01 20:51:40 INFO  Canceling debug proxy for [todo.IdGeneratorSuite(generated Ids start with given Id)]
2023.12.01 20:51:39 INFO  Closing debug server tcp://0.0.0.0:57430
2023.12.01 20:52:24 INFO  compiling todo-test (1 scala source)
2023.12.01 20:52:24 INFO  time: compiled todo-test in 0.25s
2023.12.01 20:53:26 INFO  compiling todo (1 scala source)
2023.12.01 20:53:26 INFO  time: compiled todo in 0.11s
2023.12.01 20:53:32 INFO  compiling todo-test (1 scala source)
2023.12.01 20:53:32 INFO  time: compiled todo-test in 0.21s
2023.12.01 20:53:36 INFO  tracing is disabled for protocol dap-server, to enable tracing of incoming and outgoing JSON messages create an empty file at /Users/mingma/todo/.metals/dap-server.trace.json or /Users/mingma/Library/Caches/org.scalameta.metals/dap-server.trace.json
2023.12.01 20:53:36 INFO  tracing is disabled for protocol dap-client, to enable tracing of incoming and outgoing JSON messages create an empty file at /Users/mingma/todo/.metals/dap-client.trace.json or /Users/mingma/Library/Caches/org.scalameta.metals/dap-client.trace.json
2023.12.01 20:53:37 INFO  Starting debug proxy for [todo.IdGeneratorSuite(generated Ids start with given Id)]
2023.12.01 20:53:37 INFO  Trying to attach to remote debuggee VM localhost:57458 .
2023.12.01 20:53:37 INFO  Attaching to debuggee VM succeeded.
2023.12.01 20:53:38 INFO  Canceling debug proxy for [todo.IdGeneratorSuite(generated Ids start with given Id)]
2023.12.01 20:53:37 INFO  Closing debug server tcp://0.0.0.0:57455
2023.12.01 20:54:04 INFO  compiling todo (1 scala source)
2023.12.01 20:54:04 INFO  time: compiled todo in 0.12s
2023.12.01 20:54:07 INFO  tracing is disabled for protocol dap-server, to enable tracing of incoming and outgoing JSON messages create an empty file at /Users/mingma/todo/.metals/dap-server.trace.json or /Users/mingma/Library/Caches/org.scalameta.metals/dap-server.trace.json
2023.12.01 20:54:07 INFO  tracing is disabled for protocol dap-client, to enable tracing of incoming and outgoing JSON messages create an empty file at /Users/mingma/todo/.metals/dap-client.trace.json or /Users/mingma/Library/Caches/org.scalameta.metals/dap-client.trace.json
2023.12.01 20:54:07 INFO  Starting debug proxy for [todo.IdGeneratorSuite(generated Ids start with given Id)]
2023.12.01 20:54:07 INFO  Trying to attach to remote debuggee VM localhost:57475 .
2023.12.01 20:54:07 INFO  Attaching to debuggee VM succeeded.
2023.12.01 20:54:08 INFO  Canceling debug proxy for [todo.IdGeneratorSuite(generated Ids start with given Id)]
2023.12.01 20:54:07 INFO  Closing debug server tcp://0.0.0.0:57471
2023.12.01 20:54:39 INFO  compiling todo (1 scala source)
2023.12.01 20:54:39 INFO  time: compiled todo in 95ms
2023.12.01 20:54:39 INFO  compiling todo-test (1 scala source)
2023.12.01 20:54:41 INFO  time: compiled todo-test in 0.83s
2023.12.01 20:54:54 INFO  compiling todo-test (1 scala source)
2023.12.01 20:54:54 INFO  time: compiled todo-test in 0.23s
2023.12.01 20:55:15 INFO  tracing is disabled for protocol dap-server, to enable tracing of incoming and outgoing JSON messages create an empty file at /Users/mingma/todo/.metals/dap-server.trace.json or /Users/mingma/Library/Caches/org.scalameta.metals/dap-server.trace.json
2023.12.01 20:55:15 INFO  tracing is disabled for protocol dap-client, to enable tracing of incoming and outgoing JSON messages create an empty file at /Users/mingma/todo/.metals/dap-client.trace.json or /Users/mingma/Library/Caches/org.scalameta.metals/dap-client.trace.json
2023.12.01 20:55:15 INFO  Starting debug proxy for [todo.IdGeneratorSuite(generated Ids are monotonically increasing)]
2023.12.01 20:55:15 INFO  Trying to attach to remote debuggee VM localhost:57494 .
2023.12.01 20:55:15 INFO  Attaching to debuggee VM succeeded.
2023.12.01 20:55:16 INFO  Canceling debug proxy for [todo.IdGeneratorSuite(generated Ids are monotonically increasing)]
2023.12.01 20:55:15 INFO  Closing debug server tcp://0.0.0.0:57491
2023.12.01 20:55:18 INFO  tracing is disabled for protocol dap-server, to enable tracing of incoming and outgoing JSON messages create an empty file at /Users/mingma/todo/.metals/dap-server.trace.json or /Users/mingma/Library/Caches/org.scalameta.metals/dap-server.trace.json
2023.12.01 20:55:18 INFO  tracing is disabled for protocol dap-client, to enable tracing of incoming and outgoing JSON messages create an empty file at /Users/mingma/todo/.metals/dap-client.trace.json or /Users/mingma/Library/Caches/org.scalameta.metals/dap-client.trace.json
2023.12.01 20:55:18 INFO  Starting debug proxy for [todo.IdGeneratorSuite(generated Ids start with given Id)]
2023.12.01 20:55:18 INFO  Trying to attach to remote debuggee VM localhost:57505 .
2023.12.01 20:55:18 INFO  Attaching to debuggee VM succeeded.
2023.12.01 20:55:18 INFO  Closing debug server tcp://0.0.0.0:57502
2023.12.01 20:55:19 INFO  Canceling debug proxy for [todo.IdGeneratorSuite(generated Ids start with given Id)]
2023.12.01 20:58:24 INFO  tracing is disabled for protocol dap-server, to enable tracing of incoming and outgoing JSON messages create an empty file at /Users/mingma/todo/.metals/dap-server.trace.json or /Users/mingma/Library/Caches/org.scalameta.metals/dap-server.trace.json
2023.12.01 20:58:24 INFO  tracing is disabled for protocol dap-client, to enable tracing of incoming and outgoing JSON messages create an empty file at /Users/mingma/todo/.metals/dap-client.trace.json or /Users/mingma/Library/Caches/org.scalameta.metals/dap-client.trace.json
2023.12.01 20:58:25 INFO  Starting debug proxy for [todo.TodoSuite()]
2023.12.01 20:58:25 INFO  Trying to attach to remote debuggee VM localhost:57525 .
2023.12.01 20:58:25 INFO  Attaching to debuggee VM succeeded.
2023.12.01 20:58:26 INFO  Canceling debug proxy for [todo.TodoSuite()]
2023.12.01 20:58:26 INFO  Closing debug server tcp://0.0.0.0:57521
